gyp info it worked if it ends with ok
gyp info using node-gyp@3.4.0
gyp info using node@6.9.2 | linux | x64
gyp info spawn /usr/bin/python2
gyp info spawn args [ '/usr/lib/node_modules/node-gyp/gyp/gyp_main.py',
gyp info spawn args   'binding.gyp',
gyp info spawn args   '-f',
gyp info spawn args   'make',
gyp info spawn args   '-I',
gyp info spawn args   '/home/camilogiraldo/Documents/Workspace/InstaSatellizer/server/build/config.gypi',
gyp info spawn args   '-I',
gyp info spawn args   '/usr/lib/node_modules/node-gyp/addon.gypi',
gyp info spawn args   '-I',
gyp info spawn args   '/home/camilogiraldo/.node-gyp/6.9.2/include/node/common.gypi',
gyp info spawn args   '-Dlibrary=shared_library',
gyp info spawn args   '-Dvisibility=default',
gyp info spawn args   '-Dnode_root_dir=/home/camilogiraldo/.node-gyp/6.9.2',
gyp info spawn args   '-Dnode_gyp_dir=/usr/lib/node_modules/node-gyp',
gyp info spawn args   '-Dnode_lib_file=node.lib',
gyp info spawn args   '-Dmodule_root_dir=/home/camilogiraldo/Documents/Workspace/InstaSatellizer/server',
gyp info spawn args   '--depth=.',
gyp info spawn args   '--no-parallel',
gyp info spawn args   '--generator-output',
gyp info spawn args   'build',
gyp info spawn args   '-Goutput_dir=.' ]
gyp: binding.gyp not found (cwd: /home/camilogiraldo/Documents/Workspace/InstaSatellizer/server) while trying to load binding.gyp
gyp ERR! configure error 
gyp ERR! stack Error: `gyp` failed with exit code: 1
gyp ERR! stack     at ChildProcess.onCpExit (/usr/lib/node_modules/node-gyp/lib/configure.js:305:16)
gyp ERR! stack     at emitTwo (events.js:106:13)
gyp ERR! stack     at ChildProcess.emit (events.js:191:7)
gyp ERR! stack     at Process.ChildProcess._handle.onexit (internal/child_process.js:215:12)
gyp ERR! System Linux 4.8.0-30-generic
gyp ERR! command "/usr/bin/nodejs" "/usr/bin/node-gyp" "rebuild"
gyp ERR! cwd /home/camilogiraldo/Documents/Workspace/InstaSatellizer/server
gyp ERR! node -v v6.9.2
gyp ERR! node-gyp -v v3.4.0
gyp ERR! not ok 
